<?xml version="1.0" encoding="UTF-8"?>
<!-- Generated by org.testng.reporters.JUnitReportReporter -->
<testsuite hostname="GOSHALPRASAD" failures="0" tests="1" name="testScript.Test" time="70.754" errors="0" timestamp="2023-03-24T07:40:40 IST" skipped="0">
  <testcase classname="testScript.Test" name="takeTest" time="70.754"/>
  <system-out/>
</testsuite> <!-- testScript.Test -->
